{"numTotalTestSuites":6,"numPassedTestSuites":1,"numFailedTestSuites":5,"numPendingTestSuites":0,"numTotalTests":9,"numPassedTests":5,"numFailedTests":4,"numPendingTests":0,"numTodoTests":0,"snapshot":{"added":0,"failure":false,"filesAdded":0,"filesRemoved":0,"filesRemovedList":[],"filesUnmatched":0,"filesUpdated":0,"matched":0,"total":0,"unchecked":0,"uncheckedKeysByFile":[],"unmatched":0,"updated":0,"didUpdate":false},"startTime":1752825843852,"success":false,"testResults":[{"assertionResults":[{"ancestorTitles":["M4 Workflow Integration Tests","M4 Dialogue Processing Workflow"],"fullName":"M4 Workflow Integration Tests M4 Dialogue Processing Workflow should complete full dialogue processing with test data","status":"failed","title":"should complete full dialogue processing with test data","duration":62.73983899999996,"failureMessages":["AssertionError: expected undefined to be 100 // Object.is equality\n    at /home/jkcho/repository/sebastian/tests/integration/m4-workflow.test.ts:60:69\n    at processTicksAndRejections (node:internal/process/task_queues:105:5)\n    at file:///home/jkcho/repository/sebastian/node_modules/@vitest/runner/dist/chunk-hooks.js:752:20"],"meta":{}},{"ancestorTitles":["M4 Workflow Integration Tests","M4 Dialogue Processing Workflow"],"fullName":"M4 Workflow Integration Tests M4 Dialogue Processing Workflow should handle missing files gracefully","status":"passed","title":"should handle missing files gracefully","duration":0.9370030000000042,"failureMessages":[],"meta":{}},{"ancestorTitles":["M4 Workflow Integration Tests","M4 Dialogue Processing Workflow"],"fullName":"M4 Workflow Integration Tests M4 Dialogue Processing Workflow should track memory usage during processing","status":"passed","title":"should track memory usage during processing","duration":26.2346,"failureMessages":[],"meta":{}},{"ancestorTitles":["M4 Workflow Integration Tests","M4 String Processing Workflow"],"fullName":"M4 Workflow Integration Tests M4 String Processing Workflow should complete full string processing with test data","status":"failed","title":"should complete full string processing with test data","duration":26.686400999999933,"failureMessages":["AssertionError: expected false to be true // Object.is equality\n    at /home/jkcho/repository/sebastian/tests/integration/m4-workflow.test.ts:113:30\n    at processTicksAndRejections (node:internal/process/task_queues:105:5)\n    at file:///home/jkcho/repository/sebastian/node_modules/@vitest/runner/dist/chunk-hooks.js:752:20"],"meta":{}},{"ancestorTitles":["M4 Workflow Integration Tests","M4 String Processing Workflow"],"fullName":"M4 Workflow Integration Tests M4 String Processing Workflow should filter rows based on EN column","status":"failed","title":"should filter rows based on EN column","duration":26.135199000000057,"failureMessages":["AssertionError: expected false to be true // Object.is equality\n    at /home/jkcho/repository/sebastian/tests/integration/m4-workflow.test.ts:139:30\n    at processTicksAndRejections (node:internal/process/task_queues:105:5)\n    at file:///home/jkcho/repository/sebastian/node_modules/@vitest/runner/dist/chunk-hooks.js:752:20"],"meta":{}},{"ancestorTitles":["M4 Workflow Integration Tests","Error Handling and Recovery"],"fullName":"M4 Workflow Integration Tests Error Handling and Recovery should handle corrupted Excel files","status":"passed","title":"should handle corrupted Excel files","duration":1.3527050000000145,"failureMessages":[],"meta":{}},{"ancestorTitles":["M4 Workflow Integration Tests","Error Handling and Recovery"],"fullName":"M4 Workflow Integration Tests Error Handling and Recovery should handle empty worksheets","status":"failed","title":"should handle empty worksheets","duration":12.0082460000001,"failureMessages":["AssertionError: expected false to be true // Object.is equality\n    at /home/jkcho/repository/sebastian/tests/integration/m4-workflow.test.ts:188:30\n    at file:///home/jkcho/repository/sebastian/node_modules/@vitest/runner/dist/chunk-hooks.js:752:20"],"meta":{}},{"ancestorTitles":["M4 Workflow Integration Tests","Performance and Memory"],"fullName":"M4 Workflow Integration Tests Performance and Memory should process large files within acceptable time","status":"passed","title":"should process large files within acceptable time","duration":489.567761,"failureMessages":[],"meta":{}},{"ancestorTitles":["M4 Workflow Integration Tests","Performance and Memory"],"fullName":"M4 Workflow Integration Tests Performance and Memory should not leak memory during processing","status":"passed","title":"should not leak memory during processing","duration":32.068821999999955,"failureMessages":[],"meta":{}}],"startTime":1752825844329,"endTime":1752825845007.0688,"status":"failed","message":"","name":"/home/jkcho/repository/sebastian/tests/integration/m4-workflow.test.ts"}]}